<?xml version="1.0" encoding="UTF-8"?>
<testng-results ignored="0" total="1" passed="1" failed="0" skipped="0">
  <reporter-output>
  </reporter-output>
  <suite started-at="2024-05-17T14:50:43 IST" name="Mobile" finished-at="2024-05-17T14:52:10 IST" duration-ms="87472">
    <groups>
    </groups>
    <test started-at="2024-05-17T14:50:43 IST" name="iOSApp 1" finished-at="2024-05-17T14:52:10 IST" duration-ms="87472">
      <class name="iOSApp">
        <test-method signature="iOSApp1(java.lang.String,java.lang.String,java.lang.String)[pri:0, instance:iOSApp@318ba8c8]" started-at="2024-05-17T14:50:43 IST" name="iOSApp1" finished-at="2024-05-17T14:52:10 IST" duration-ms="87312" status="PASS">
          <params>
            <param index="0">
              <value>
                <![CDATA[iPhone.*]]>
              </value>
            </param>
            <param index="1">
              <value>
                <![CDATA[14]]>
              </value>
            </param>
            <param index="2">
              <value>
                <![CDATA[iOS]]>
              </value>
            </param>
          </params>
          <reporter-output>
          </reporter-output>
        </test-method> <!-- iOSApp1 -->
      </class> <!-- iOSApp -->
    </test> <!-- iOSApp 1 -->
  </suite> <!-- Mobile -->
</testng-results>
